<?xml version="1.0" encoding="UTF-8"?>
<!-- Generated by org.testng.reporters.JUnitReportReporter -->
<testsuite hostname="DESKTOP-JJ5KA0R" name="tests.BestPickChecks" tests="1" failures="0" timestamp="12 Jul 2016 12:47:40 GMT" time="19.813" errors="0">
  <testcase name="testBestPick" time="19.813" classname="tests.BestPickChecks"/>
</testsuite> <!-- tests.BestPickChecks -->
