<?xml version="1.0" encoding="UTF-8"?>
<!-- Generated by org.testng.reporters.JUnitReportReporter -->
<testsuite hostname="DESKTOP-JJ5KA0R" name="tests.SearchOnSiteChecks" tests="1" failures="0" timestamp="12 Jul 2016 12:47:40 GMT" time="12.446" errors="0">
  <testcase name="testSearchOnSite" time="12.446" classname="tests.SearchOnSiteChecks"/>
</testsuite> <!-- tests.SearchOnSiteChecks -->
