<?xml version="1.0" encoding="UTF-8"?>
<!-- Generated by org.testng.reporters.JUnitReportReporter -->
<testsuite hostname="DESKTOP-2QQJTC9" name="test.Test1" tests="1" failures="0" timestamp="11 Jul 2016 16:33:20 GMT" time="4.136" errors="0">
  <testcase name="f" time="4.136" classname="test.Test1"/>
</testsuite> <!-- test.Test1 -->
